Unity Editor version:    2020.3.48f1 (b805b124c6b7)
Branch:                  2020.3/staging
Build type:              Release
Batch mode:              YES
macOS version:           Version 14.2.1 (Build 23C71)
Darwin version:          23.2.0
Architecture:            x86_64
Running under Rosetta:   YES
Available memory:        8192 MB
Using pre-set license
Pro License: NO

COMMAND LINE ARGUMENTS:
/Applications/Unity/Unity.app/Contents/MacOS/Unity
-adb2
-batchMode
-noUpm
-name
AssetImportWorker0
-projectPath
/Users/alx/My project
-logFile
Logs/AssetImportWorker0.log
-srvPort
52601
Successfully changed project path to: /Users/alx/My project
/Users/alx/My project
Using Asset Import Pipeline V2.
Player connection [8713654848] Host "[IP] 192.168.0.103 [Port] 0 [Flags] 2 [Guid] 3622912860 [EditorId] 3622912860 [Version] 1048832 [Id] OSXEditor(0,MacBook-Air-2.local) [Debug] 1 [PackageName] OSXEditor [ProjectName] Editor" joined multi-casting on [225.0.0.222:54997]...

Player connection [8713654848] Host "[IP] 192.168.0.103 [Port] 0 [Flags] 2 [Guid] 3622912860 [EditorId] 3622912860 [Version] 1048832 [Id] OSXEditor(0,MacBook-Air-2.local) [Debug] 1 [PackageName] OSXEditor [ProjectName] Editor" joined alternative multi-casting on [225.0.0.222:34997]...

Refreshing native plugins compatible for Editor in 115.43 ms, found 3 plugins.
Preloading 0 native plugins for Editor in 0.00 ms.
Initialize engine version: 2020.3.48f1 (b805b124c6b7)
[Subsystems] Discovering subsystems at path /Applications/Unity/Unity.app/Contents/Resources/UnitySubsystems
[Subsystems] Discovering subsystems at path /Users/alx/My project/Assets
GfxDevice: creating device client; threaded=0
2024-05-14 20:11:40.041 Unity[7906:228130] (null) preferred device: Apple M1 (high power)
2024-05-14 20:11:40.041 Unity[7906:228130] Metal devices available: 1
2024-05-14 20:11:40.041 Unity[7906:228130] 0: Apple M1 (high power)
2024-05-14 20:11:40.041 Unity[7906:228130] Using device Apple M1 (high power)
Initializing Metal device caps: Apple M1
Initialize mono
Mono path[0] = '/Applications/Unity/Unity.app/Contents/Managed'
Mono path[1] = '/Applications/Unity/Unity.app/Contents/MonoBleedingEdge/lib/mono/unityjit'
Mono config path = '/Applications/Unity/Unity.app/Contents/MonoBleedingEdge/etc'
Using monoOptions --debugger-agent=transport=dt_socket,embedding=1,server=y,suspend=n,address=127.0.0.1:56906
Begin MonoManager ReloadAssembly
Registering precompiled unity dll's ...
Register platform support module: /Applications/Unity/Unity.app/Contents/PlaybackEngines/MacStandaloneSupport/UnityEditor.OSXStandalone.Extensions.dll
Registered in 0.001842 seconds.
Native extension for OSXStandalone target not found
Refreshing native plugins compatible for Editor in 57.68 ms, found 3 plugins.
Preloading 0 native plugins for Editor in 0.00 ms.
Mono: successfully reloaded assembly
- Completed reload, in  1.846 seconds
Domain Reload Profiling:
	ReloadAssembly (1847ms)
		BeginReloadAssembly (182ms)
			ExecutionOrderSort (0ms)
			DisableScriptedObjects (0ms)
			BackupInstance (0ms)
			ReleaseScriptingObjects (0ms)
			CreateAndSetChildDomain (4ms)
		EndReloadAssembly (1502ms)
			LoadAssemblies (178ms)
			RebuildTransferFunctionScriptingTraits (1ms)
			SetupTypeCache (261ms)
			ReleaseScriptCaches (0ms)
			RebuildScriptCaches (52ms)
			SetupLoadedEditorAssemblies (755ms)
				LogAssemblyErrors (0ms)
				InitializePlatformSupportModulesInManaged (17ms)
				SetLoadedEditorAssemblies (1ms)
				RefreshPlugins (58ms)
				BeforeProcessingInitializeOnLoad (37ms)
				ProcessInitializeOnLoadAttributes (471ms)
				ProcessInitializeOnLoadMethodAttributes (171ms)
				AfterProcessingInitializeOnLoad (0ms)
				EditorAssembliesLoaded (2ms)
			ExecutionOrderSort2 (0ms)
			AwakeInstancesAfterBackupRestoration (0ms)
Platform modules already initialized, skipping
Registering precompiled user dll's ...
Registered in 0.002927 seconds.
Begin MonoManager ReloadAssembly
Native extension for OSXStandalone target not found
Refreshing native plugins compatible for Editor in 57.33 ms, found 3 plugins.
Preloading 0 native plugins for Editor in 0.00 ms.
Mono: successfully reloaded assembly
- Completed reload, in  3.090 seconds
Domain Reload Profiling:
	ReloadAssembly (3092ms)
		BeginReloadAssembly (360ms)
			ExecutionOrderSort (0ms)
			DisableScriptedObjects (47ms)
			BackupInstance (0ms)
			ReleaseScriptingObjects (0ms)
			CreateAndSetChildDomain (44ms)
		EndReloadAssembly (2601ms)
			LoadAssemblies (290ms)
			RebuildTransferFunctionScriptingTraits (0ms)
			SetupTypeCache (488ms)
			ReleaseScriptCaches (1ms)
			RebuildScriptCaches (71ms)
			SetupLoadedEditorAssemblies (1388ms)
				LogAssemblyErrors (0ms)
				InitializePlatformSupportModulesInManaged (13ms)
				SetLoadedEditorAssemblies (1ms)
				RefreshPlugins (57ms)
				BeforeProcessingInitializeOnLoad (162ms)
				ProcessInitializeOnLoadAttributes (1073ms)
				ProcessInitializeOnLoadMethodAttributes (82ms)
				AfterProcessingInitializeOnLoad (1ms)
				EditorAssembliesLoaded (0ms)
			ExecutionOrderSort2 (0ms)
			AwakeInstancesAfterBackupRestoration (5ms)
Platform modules already initialized, skipping
Validating Project structure ... 0.000540 seconds.
Shader import version has changed; will reimport all shaders...
Upgrading shader files ...0.000194 seconds.
Application.AssetDatabase Initial Script Refresh Start
RefreshInfo: InitialScriptRefreshV2(NoUpdateAssetOptions) scanfilter:  ... 1 filters
RefreshProfiler: Total: 0.000ms
Application.AssetDatabase Initial Script Refresh End
Application.AssetDatabase.Refresh Start
Application.AssetDatabase.Refresh End
RefreshInfo: StopAssetImportingV2(ForceSynchronousImport) scanfilter: 
RefreshProfiler: Total: 0.000ms
Launching external process: /Applications/Unity/Unity.app/Contents/Tools/UnityShaderCompiler
Launched and connected shader compiler UnityShaderCompiler after 0.32 seconds
Initializing Unity extensions:
2024-05-14 20:11:47.681 Unity[7906:228130] NSEventModifierFlagFunction specified to -setKeyEquivalentModifierMask: for item <NSMenuItem: 0x7fc1d5dcba40 Font Asset, ke='Command-F12'>, but is only supported for system-provided menu items; will not be used
2024-05-14 20:11:47.686 Unity[7906:228130] NSEventModifierFlagFunction specified to -setKeyEquivalentModifierMask: for item <NSMenuItem: 0x7fc1d701ec60 Font Asset, ke='Command-F12'>, but is only supported for system-provided menu items; will not be used
========================================================================
Worker process is ready to serve import requests
Refreshing native plugins compatible for Editor in 0.45 ms, found 3 plugins.
Preloading 0 native plugins for Editor in 0.00 ms.
Unloading 2015 Unused Serialized files (Serialized files now loaded: 0)
System memory in use before: 107.6 MB.
System memory in use after: 106.9 MB.

Unloading 101 unused Assets to reduce memory usage. Loaded Objects now: 2490.
Total: 5.613584 ms (FindLiveObjects: 0.376083 ms CreateObjectMapping: 0.063250 ms MarkObjects: 4.361250 ms  DeleteObjects: 0.811500 ms)

AssetImportParameters requested are different than current active one (requested -> active):
  custom:video-decoder-ogg-theora: a1e56fd34408186e4bbccfd4996cb3dc -> 
  custom:container-muxer-webm: aa71ff27fc2769a1b78a27578f13a17b -> 
  custom:container-demuxer-webm: 4f35f7cbe854078d1ac9338744f61a02 -> 
  custom:container-demuxer-ogg: 62fdf1f143b41e24485cea50d1cbac27 -> 
  custom:video-encoder-webm-vp8: eb34c28f22e8b96e1ab97ce403110664 -> 
  custom:framework-osx-AVFoundation: e770b220cccbd017edd2c1fefb359320 -> 
  custom:video-decoder-webm-vp8: 9c59270c3fd7afecdb556c50c9e8de78 -> 
  custom:audio-decoder-ogg-vorbis: bf7c407c2cedff20999df2af8eb42d56 -> 
  custom:audio-encoder-webm-vorbis: bf7c407c2cedff20999df2af8eb42d56 -> 
========================================================================
Received Import Request.
  path: Assets/Scenes
  artifactKey: Guid(839b1a1256f6d4390b14f33830c3ba8e) Importer(815301076,1909f56bfc062723c751e8b465ee728b)
Start importing Assets/Scenes using Guid(839b1a1256f6d4390b14f33830c3ba8e) Importer(815301076,1909f56bfc062723c751e8b465ee728b)  -> (artifact id: 'e3eeb7d535af0ab523cbeb7c50c32589') in 0.011582 seconds 
========================================================================
Received Import Request.
  Time since last request: 328.935529 seconds.
  path: Assets/Gothicvania Cemetery Artwork
  artifactKey: Guid(1a45cb37c7b9f4e72b9bc2c503c9561b) Importer(815301076,1909f56bfc062723c751e8b465ee728b)
Start importing Assets/Gothicvania Cemetery Artwork using Guid(1a45cb37c7b9f4e72b9bc2c503c9561b) Importer(815301076,1909f56bfc062723c751e8b465ee728b)  -> (artifact id: 'e736d0702635ed53e12eea413a415c68') in 0.003632 seconds 
========================================================================
Received Import Request.
  Time since last request: 17.087861 seconds.
  path: Assets/Gothicvania Cemetery Artwork/Environment
  artifactKey: Guid(a962f62f0695f486998bb7fbef833193) Importer(815301076,1909f56bfc062723c751e8b465ee728b)
Start importing Assets/Gothicvania Cemetery Artwork/Environment using Guid(a962f62f0695f486998bb7fbef833193) Importer(815301076,1909f56bfc062723c751e8b465ee728b)  -> (artifact id: 'cabe6c8705c19f5d369ac74dfa823498') in 0.001347 seconds 
========================================================================
Received Import Request.
  Time since last request: 2.717177 seconds.
  path: Assets/Gothicvania Cemetery Artwork/Scenes
  artifactKey: Guid(c6990c39af6f74a2f8880312d7dad451) Importer(815301076,1909f56bfc062723c751e8b465ee728b)
Start importing Assets/Gothicvania Cemetery Artwork/Scenes using Guid(c6990c39af6f74a2f8880312d7dad451) Importer(815301076,1909f56bfc062723c751e8b465ee728b)  -> (artifact id: '5fc5987b3232a04ff6f81316be68383e') in 0.001745 seconds 
========================================================================
Received Import Request.
  Time since last request: 4.383676 seconds.
  path: Assets/Gothicvania Cemetery Artwork/Sprites
  artifactKey: Guid(8a75078c371c446e788514d45d4e7c5c) Importer(815301076,1909f56bfc062723c751e8b465ee728b)
Start importing Assets/Gothicvania Cemetery Artwork/Sprites using Guid(8a75078c371c446e788514d45d4e7c5c) Importer(815301076,1909f56bfc062723c751e8b465ee728b)  -> (artifact id: 'cc4bbf47b3ce369c251097089e2553e4') in 0.002328 seconds 
========================================================================
Received Import Request.
  Time since last request: 121.399130 seconds.
  path: Assets/Gothicvania Cemetery Artwork/Environment/background.png
  artifactKey: Guid(df73b4bce81f34a13ad5c1760f1a7a40) Importer(815301076,1909f56bfc062723c751e8b465ee728b)
Start importing Assets/Gothicvania Cemetery Artwork/Environment/background.png using Guid(df73b4bce81f34a13ad5c1760f1a7a40) Importer(815301076,1909f56bfc062723c751e8b465ee728b)  -> (artifact id: '7c54353a06acdc2ed645a246fe87aa3a') in 1.512574 seconds 
========================================================================
Received Import Request.
  Time since last request: 0.000329 seconds.
  path: Assets/Gothicvania Cemetery Artwork/Environment/tileset-sliced.png
  artifactKey: Guid(297a514ba6a7c44e6a1eac9511e640e5) Importer(815301076,1909f56bfc062723c751e8b465ee728b)
Start importing Assets/Gothicvania Cemetery Artwork/Environment/tileset-sliced.png using Guid(297a514ba6a7c44e6a1eac9511e640e5) Importer(815301076,1909f56bfc062723c751e8b465ee728b)  -> (artifact id: 'ed40b512e6fb902e9399f235a21e7a36') in 0.171608 seconds 
========================================================================
Received Import Request.
  Time since last request: 0.000221 seconds.
  path: Assets/Gothicvania Cemetery Artwork/Environment/tileset.png
  artifactKey: Guid(4beee00ff01304c92a8c3ae5c089ef92) Importer(815301076,1909f56bfc062723c751e8b465ee728b)
Start importing Assets/Gothicvania Cemetery Artwork/Environment/tileset.png using Guid(4beee00ff01304c92a8c3ae5c089ef92) Importer(815301076,1909f56bfc062723c751e8b465ee728b)  -> (artifact id: '417023a5380c527494a9ae7eb80221a5') in 0.010803 seconds 
========================================================================
Received Import Request.
  Time since last request: 0.000260 seconds.
  path: Assets/Gothicvania Cemetery Artwork/Environment/objects-Sheet.png
  artifactKey: Guid(d32d0aa35a58b4f7087cf029122e9820) Importer(815301076,1909f56bfc062723c751e8b465ee728b)
Start importing Assets/Gothicvania Cemetery Artwork/Environment/objects-Sheet.png using Guid(d32d0aa35a58b4f7087cf029122e9820) Importer(815301076,1909f56bfc062723c751e8b465ee728b)  -> (artifact id: '6d729d03afe0874f529d711af733e2c8') in 0.011876 seconds 
========================================================================
Received Import Request.
  Time since last request: 0.000246 seconds.
  path: Assets/Gothicvania Cemetery Artwork/Environment/mountains.png
  artifactKey: Guid(392218c362ae54f0f95bcafd5379defd) Importer(815301076,1909f56bfc062723c751e8b465ee728b)
Start importing Assets/Gothicvania Cemetery Artwork/Environment/mountains.png using Guid(392218c362ae54f0f95bcafd5379defd) Importer(815301076,1909f56bfc062723c751e8b465ee728b)  -> (artifact id: '2d4c799894d4cbb2d8557eca9fa5d550') in 0.011724 seconds 
========================================================================
Received Import Request.
  Time since last request: 0.000249 seconds.
  path: Assets/Gothicvania Cemetery Artwork/Environment/graveyard.png
  artifactKey: Guid(e3309b7d2ebaf41fa87c88817dbec1f1) Importer(815301076,1909f56bfc062723c751e8b465ee728b)
Start importing Assets/Gothicvania Cemetery Artwork/Environment/graveyard.png using Guid(e3309b7d2ebaf41fa87c88817dbec1f1) Importer(815301076,1909f56bfc062723c751e8b465ee728b)  -> (artifact id: 'a23214b6e6980d1914177cbb05ffef7e') in 0.009059 seconds 
========================================================================
Received Import Request.
  Time since last request: 22.049170 seconds.
  path: Assets/Gothicvania Cemetery Artwork/about.txt
  artifactKey: Guid(f2081db56e2ff4facb0eadc670459f38) Importer(815301076,1909f56bfc062723c751e8b465ee728b)
Start importing Assets/Gothicvania Cemetery Artwork/about.txt using Guid(f2081db56e2ff4facb0eadc670459f38) Importer(815301076,1909f56bfc062723c751e8b465ee728b)  -> (artifact id: '5397f6676cc3bfbc9d0b2e6347581a3e') in 0.891139 seconds 
